<?xml version="1.0" encoding="UTF-8"?>
<!-- Generated by org.testng.reporters.JUnitReportReporter -->
<testsuite hostname="ip-172-31-35-166" failures="0" tests="2" name="App" time="27.424" errors="0" timestamp="2020-06-09T10:08:45 UTC" skipped="0">
  <testcase classname="App" name="search" time="12.033"/>
  <system-out/>
  <testcase classname="App" name="test" time="15.391"/>
  <system-out/>
</testsuite> <!-- App -->
